{
  "stats": {
    "suites": 1,
    "tests": 1,
    "passes": 1,
    "pending": 0,
    "failures": 0,
    "start": "2019-03-06T07:05:55.070Z",
    "end": "2019-03-06T07:05:55.076Z",
    "duration": 6,
    "testsRegistered": 1,
    "passPercent": 100,
    "pendingPercent": 0,
    "other": 0,
    "hasOther": false,
    "skipped": 0,
    "hasSkipped": false,
    "passPercentClass": "success",
    "pendingPercentClass": "danger"
  },
  "suites": {
    "uuid": "4bac47cc-fc08-494f-9e46-d9dc5e2883db",
    "title": "",
    "fullFile": "",
    "file": "",
    "beforeHooks": [],
    "afterHooks": [],
    "tests": [],
    "suites": [
      {
        "uuid": "b867203c-436a-4e18-8545-60988e756b6e",
        "title": "单元测试",
        "fullFile": "/Users/yezi/Documents/new project/src/demo2/add.test.js",
        "file": "/src/demo2/add.test.js",
        "beforeHooks": [],
        "afterHooks": [],
        "tests": [
          {
            "title": "1加1应该等于2",
            "fullTitle": "单元测试 1加1应该等于2",
            "timedOut": false,
            "duration": 1,
            "state": "passed",
            "speed": "fast",
            "pass": true,
            "fail": false,
            "pending": false,
            "code": "expect(add(1, 1)).to.be.equal(2);  //使用了断言库",
            "err": {},
            "isRoot": false,
            "uuid": "93dc7eaf-fd6c-4681-a904-e261c9e84ee1",
            "isHook": false,
            "skipped": false
          }
        ],
        "suites": [],
        "passes": [
          "93dc7eaf-fd6c-4681-a904-e261c9e84ee1"
        ],
        "failures": [],
        "pending": [],
        "skipped": [],
        "duration": 1,
        "root": false,
        "rootEmpty": false,
        "_timeout": 2000
      }
    ],
    "passes": [],
    "failures": [],
    "pending": [],
    "skipped": [],
    "duration": 0,
    "root": true,
    "rootEmpty": true,
    "_timeout": 2000
  },
  "copyrightYear": 2019
}